2016-12-02 08:52:10 Error: [Cake\View\Exception\MissingTemplateException] Template file "Apis/test.ctp" is missing.
Exception Attributes: array (
  'file' => 'Apis/test.ctp',
)
Request URL: /Apis/test
Stack Trace:
#0 /home/makesys2016/public_html/algo/vendor/cakephp/cakephp/src/View/View.php(593): Cake\View\View->_getViewFileName(NULL)
#1 /home/makesys2016/public_html/algo/vendor/cakephp/cakephp/src/Controller/Controller.php(617): Cake\View\View->render(NULL, NULL)
#2 /home/makesys2016/public_html/algo/vendor/cakephp/cakephp/src/Http/ActionDispatcher.php(128): Cake\Controller\Controller->render()
#3 /home/makesys2016/public_html/algo/vendor/cakephp/cakephp/src/Http/ActionDispatcher.php(96): Cake\Http\ActionDispatcher->_invoke(Object(App\Controller\ApisController))
#4 /home/makesys2016/public_html/algo/vendor/cakephp/cakephp/src/Http/BaseApplication.php(83): Cake\Http\ActionDispatcher->dispatch(Object(Cake\Network\Request), Object(Cake\Network\Response))
#5 /home/makesys2016/public_html/algo/vendor/cakephp/cakephp/src/Http/Runner.php(65): Cake\Http\BaseApplication->__invoke(Object(Zend\Diactoros\ServerRequest), Object(Zend\Diactoros\Response), Object(Cake\Http\Runner))
#6 /home/makesys2016/public_html/algo/vendor/cakephp/cakephp/src/Routing/Middleware/RoutingMiddleware.php(62): Cake\Http\Runner->__invoke(Object(Zend\Diactoros\ServerRequest), Object(Zend\Diactoros\Response))
#7 /home/makesys2016/public_html/algo/vendor/cakephp/cakephp/src/Http/Runner.php(65): Cake\Routing\Middleware\RoutingMiddleware->__invoke(Object(Zend\Diactoros\ServerRequest), Object(Zend\Diactoros\Response), Object(Cake\Http\Runner))
#8 /home/makesys2016/public_html/algo/vendor/cakephp/cakephp/src/Routing/Middleware/AssetMiddleware.php(88): Cake\Http\Runner->__invoke(Object(Zend\Diactoros\ServerRequest), Object(Zend\Diactoros\Response))
#9 /home/makesys2016/public_html/algo/vendor/cakephp/cakephp/src/Http/Runner.php(65): Cake\Routing\Middleware\AssetMiddleware->__invoke(Object(Zend\Diactoros\ServerRequest), Object(Zend\Diactoros\Response), Object(Cake\Http\Runner))
#10 /home/makesys2016/public_html/algo/vendor/cakephp/cakephp/src/Error/Middleware/ErrorHandlerMiddleware.php(81): Cake\Http\Runner->__invoke(Object(Zend\Diactoros\ServerRequest), Object(Zend\Diactoros\Response))
#11 /home/makesys2016/public_html/algo/vendor/cakephp/cakephp/src/Http/Runner.php(65): Cake\Error\Middleware\ErrorHandlerMiddleware->__invoke(Object(Zend\Diactoros\ServerRequest), Object(Zend\Diactoros\Response), Object(Cake\Http\Runner))
#12 /home/makesys2016/public_html/algo/vendor/cakephp/cakephp/src/Http/Runner.php(51): Cake\Http\Runner->__invoke(Object(Zend\Diactoros\ServerRequest), Object(Zend\Diactoros\Response))
#13 /home/makesys2016/public_html/algo/vendor/cakephp/cakephp/src/Http/Server.php(92): Cake\Http\Runner->run(Object(Cake\Http\MiddlewareQueue), Object(Zend\Diactoros\ServerRequest), Object(Zend\Diactoros\Response))
#14 /home/makesys2016/public_html/algo/webroot/index.php(37): Cake\Http\Server->run()
#15 {main}


